2023-04-05T10:53:43+00:00 CRITICAL Uncaught TypeError: count(): Argument #1 ($value) must be of type Countable|array, null given in E:\xampp\htdocs\SlavicLabs\wp-content\themes\theme_zoptymalizowany\theme\page-wraps\exchangePoints\exchangePointsLvls.php:46
Stack trace:
#0 E:\xampp\htdocs\SlavicLabs\wp-includes\template.php(785): require()
#1 E:\xampp\htdocs\SlavicLabs\wp-includes\template.php(718): load_template('E:\\xampp\\htdocs...', false, Array)
#2 E:\xampp\htdocs\SlavicLabs\wp-includes\general-template.php(204): locate_template(Array, true, false, Array)
#3 E:\xampp\htdocs\SlavicLabs\wp-content\themes\theme_zoptymalizowany\theme\pages\exchangePoints.php(28): get_template_part('page-wraps/exch...')
#4 E:\xampp\htdocs\SlavicLabs\wp-includes\template-loader.php(106): include('E:\\xampp\\htdocs...')
#5 E:\xampp\htdocs\SlavicLabs\wp-blog-header.php(19): require_once('E:\\xampp\\htdocs...')
#6 E:\xampp\htdocs\SlavicLabs\index.php(17): require('E:\\xampp\\htdocs...')
#7 {main}
  thrown in E:\xampp\htdocs\SlavicLabs\wp-content\themes\theme_zoptymalizowany\theme\page-wraps\exchangePoints\exchangePointsLvls.php on line 46

2023-04-05T10:55:15+00:00 CRITICAL Uncaught TypeError: count(): Argument #1 ($value) must be of type Countable|array, null given in E:\xampp\htdocs\SlavicLabs\wp-content\themes\theme_zoptymalizowany\theme\page-wraps\exchangePoints\exchangePointsLvls.php:44
Stack trace:
#0 E:\xampp\htdocs\SlavicLabs\wp-includes\template.php(785): require()
#1 E:\xampp\htdocs\SlavicLabs\wp-includes\template.php(718): load_template('E:\\xampp\\htdocs...', false, Array)
#2 E:\xampp\htdocs\SlavicLabs\wp-includes\general-template.php(204): locate_template(Array, true, false, Array)
#3 E:\xampp\htdocs\SlavicLabs\wp-content\themes\theme_zoptymalizowany\theme\pages\exchangePoints.php(28): get_template_part('page-wraps/exch...')
#4 E:\xampp\htdocs\SlavicLabs\wp-includes\template-loader.php(106): include('E:\\xampp\\htdocs...')
#5 E:\xampp\htdocs\SlavicLabs\wp-blog-header.php(19): require_once('E:\\xampp\\htdocs...')
#6 E:\xampp\htdocs\SlavicLabs\index.php(17): require('E:\\xampp\\htdocs...')
#7 {main}
  thrown in E:\xampp\htdocs\SlavicLabs\wp-content\themes\theme_zoptymalizowany\theme\page-wraps\exchangePoints\exchangePointsLvls.php on line 44

2023-04-05T10:55:40+00:00 CRITICAL Uncaught TypeError: count(): Argument #1 ($value) must be of type Countable|array, null given in E:\xampp\htdocs\SlavicLabs\wp-content\themes\theme_zoptymalizowany\theme\page-wraps\exchangePoints\exchangePointsLvls.php:44
Stack trace:
#0 E:\xampp\htdocs\SlavicLabs\wp-includes\template.php(785): require()
#1 E:\xampp\htdocs\SlavicLabs\wp-includes\template.php(718): load_template('E:\\xampp\\htdocs...', false, Array)
#2 E:\xampp\htdocs\SlavicLabs\wp-includes\general-template.php(204): locate_template(Array, true, false, Array)
#3 E:\xampp\htdocs\SlavicLabs\wp-content\themes\theme_zoptymalizowany\theme\pages\exchangePoints.php(28): get_template_part('page-wraps/exch...')
#4 E:\xampp\htdocs\SlavicLabs\wp-includes\template-loader.php(106): include('E:\\xampp\\htdocs...')
#5 E:\xampp\htdocs\SlavicLabs\wp-blog-header.php(19): require_once('E:\\xampp\\htdocs...')
#6 E:\xampp\htdocs\SlavicLabs\index.php(17): require('E:\\xampp\\htdocs...')
#7 {main}
  thrown in E:\xampp\htdocs\SlavicLabs\wp-content\themes\theme_zoptymalizowany\theme\page-wraps\exchangePoints\exchangePointsLvls.php on line 44

2023-04-05T10:55:42+00:00 CRITICAL Uncaught TypeError: count(): Argument #1 ($value) must be of type Countable|array, null given in E:\xampp\htdocs\SlavicLabs\wp-content\themes\theme_zoptymalizowany\theme\page-wraps\exchangePoints\exchangePointsLvls.php:44
Stack trace:
#0 E:\xampp\htdocs\SlavicLabs\wp-includes\template.php(785): require()
#1 E:\xampp\htdocs\SlavicLabs\wp-includes\template.php(718): load_template('E:\\xampp\\htdocs...', false, Array)
#2 E:\xampp\htdocs\SlavicLabs\wp-includes\general-template.php(204): locate_template(Array, true, false, Array)
#3 E:\xampp\htdocs\SlavicLabs\wp-content\themes\theme_zoptymalizowany\theme\pages\exchangePoints.php(28): get_template_part('page-wraps/exch...')
#4 E:\xampp\htdocs\SlavicLabs\wp-includes\template-loader.php(106): include('E:\\xampp\\htdocs...')
#5 E:\xampp\htdocs\SlavicLabs\wp-blog-header.php(19): require_once('E:\\xampp\\htdocs...')
#6 E:\xampp\htdocs\SlavicLabs\index.php(17): require('E:\\xampp\\htdocs...')
#7 {main}
  thrown in E:\xampp\htdocs\SlavicLabs\wp-content\themes\theme_zoptymalizowany\theme\page-wraps\exchangePoints\exchangePointsLvls.php on line 44

2023-04-05T10:56:17+00:00 CRITICAL Uncaught TypeError: count(): Argument #1 ($value) must be of type Countable|array, null given in E:\xampp\htdocs\SlavicLabs\wp-content\themes\theme_zoptymalizowany\theme\page-wraps\exchangePoints\exchangePointsLvls.php:45
Stack trace:
#0 E:\xampp\htdocs\SlavicLabs\wp-includes\template.php(785): require()
#1 E:\xampp\htdocs\SlavicLabs\wp-includes\template.php(718): load_template('E:\\xampp\\htdocs...', false, Array)
#2 E:\xampp\htdocs\SlavicLabs\wp-includes\general-template.php(204): locate_template(Array, true, false, Array)
#3 E:\xampp\htdocs\SlavicLabs\wp-content\themes\theme_zoptymalizowany\theme\pages\exchangePoints.php(28): get_template_part('page-wraps/exch...')
#4 E:\xampp\htdocs\SlavicLabs\wp-includes\template-loader.php(106): include('E:\\xampp\\htdocs...')
#5 E:\xampp\htdocs\SlavicLabs\wp-blog-header.php(19): require_once('E:\\xampp\\htdocs...')
#6 E:\xampp\htdocs\SlavicLabs\index.php(17): require('E:\\xampp\\htdocs...')
#7 {main}
  thrown in E:\xampp\htdocs\SlavicLabs\wp-content\themes\theme_zoptymalizowany\theme\page-wraps\exchangePoints\exchangePointsLvls.php on line 45

2023-04-05T10:56:48+00:00 CRITICAL Uncaught TypeError: count(): Argument #1 ($value) must be of type Countable|array, null given in E:\xampp\htdocs\SlavicLabs\wp-content\themes\theme_zoptymalizowany\theme\page-wraps\exchangePoints\exchangePointsLvls.php:45
Stack trace:
#0 E:\xampp\htdocs\SlavicLabs\wp-includes\template.php(785): require()
#1 E:\xampp\htdocs\SlavicLabs\wp-includes\template.php(718): load_template('E:\\xampp\\htdocs...', false, Array)
#2 E:\xampp\htdocs\SlavicLabs\wp-includes\general-template.php(204): locate_template(Array, true, false, Array)
#3 E:\xampp\htdocs\SlavicLabs\wp-content\themes\theme_zoptymalizowany\theme\pages\exchangePoints.php(28): get_template_part('page-wraps/exch...')
#4 E:\xampp\htdocs\SlavicLabs\wp-includes\template-loader.php(106): include('E:\\xampp\\htdocs...')
#5 E:\xampp\htdocs\SlavicLabs\wp-blog-header.php(19): require_once('E:\\xampp\\htdocs...')
#6 E:\xampp\htdocs\SlavicLabs\index.php(17): require('E:\\xampp\\htdocs...')
#7 {main}
  thrown in E:\xampp\htdocs\SlavicLabs\wp-content\themes\theme_zoptymalizowany\theme\page-wraps\exchangePoints\exchangePointsLvls.php on line 45

2023-04-05T16:15:20+00:00 CRITICAL Uncaught Error: Call to a member function to_array() on null in E:\xampp\htdocs\SlavicLabs\wp-content\plugins\copy-delete-posts\post\handler.php:969
Stack trace:
#0 E:\xampp\htdocs\SlavicLabs\wp-content\plugins\copy-delete-posts\post\handler.php(1064): cdp_process_ids(Array, 'false', Array, '1', '-1', false, Array)
#1 E:\xampp\htdocs\SlavicLabs\wp-content\plugins\copy-delete-posts\post\handler.php(58): cdp_insert_new_post(false)
#2 E:\xampp\htdocs\SlavicLabs\wp-includes\class-wp-hook.php(308): {closure}('')
#3 E:\xampp\htdocs\SlavicLabs\wp-includes\class-wp-hook.php(332): WP_Hook->apply_filters('', Array)
#4 E:\xampp\htdocs\SlavicLabs\wp-includes\plugin.php(517): WP_Hook->do_action(Array)
#5 E:\xampp\htdocs\SlavicLabs\wp-admin\admin-ajax.php(188): do_action('wp_ajax_cdp_act...')
#6 {main}
  thrown in E:\xampp\htdocs\SlavicLabs\wp-content\plugins\copy-delete-posts\post\handler.php on line 969

