********************************************************************************
DUPLICATOR-LITE PACKAGE-LOG: 2023-03-30 17:04
NOTICE: Do NOT post to public sites or forums 
********************************************************************************
VERSION:	1.5.3
WORDPRESS:	6.1.1
PHP INFO:	8.2.0 | SAPI: apache2handler
SERVER:		Apache/2.4.54 (Win64) OpenSSL/1.1.1p PHP/8.2.0 
PHP TIME LIMIT: (0) no time limit imposed 
PHP MAX MEMORY: 4294967296 (512M default) 
MEMORY STACK: 80MB

********************************************************************************
DATABASE:
********************************************************************************
BUILD MODE:   MYSQLDUMP
MYSQLTIMEOUT: 5000
MYSQLDUMP:    Is Supported
[PHP ERR][ISSUE] MSG:Creation of dynamic property DUP_Database::$sameNameTableExists is deprecated [CODE:8192|FILE:E:\xampp\htdocs\SlavicLabs\wp-content\plugins\duplicator\classes\package\class.pack.database.php|LINE:761]
do_action('wp_ajax_duplicator_package_build'), WP_Hook->do_action, WP_Hook->apply_filters, duplicator_package_build, DUP_Package->runZipBuild, DUP_Database->build, DUP_Database->mysqlDump, DUP_Database->rewriteTableNameAs, DUP_Handler::error, DUP_Handler::getMessage
SQL CREATED: 20230317_slaviclabs_44c67e8c4993f43d1565_20230330170431_database.sql
SQL FILE SIZE: 1.43MB (1496002)
SQL FILE TIME: 2023-03-30 17:04:50
SQL RUNTIME: 0.66 sec.

********************************************************************************
ARCHIVE (ZIP):
********************************************************************************
ARCHIVE DIR:  E:/xampp/htdocs/SlavicLabs
ARCHIVE FILE: 20230317_slaviclabs_44c67e8c4993f43d1565_20230330170431_archive.zip
FILTERS: *OFF*
DIRS:
	not set
FILES:
	not set
EXTS:  not set
----------------------------------------
COMPRESSING
SIZE:	207.24MB
STATS:	Dirs 2,926 | Files 15,820
SQL ADDED: 20230317_slaviclabs_44c67e8c4993f43d1565_20230330170431_database.sql
ZipArchive Object
(
    [lastId] => 18745
    [status] => 0
    [statusSys] => 0
    [numFiles] => 18746
    [filename] => E:\xampp\htdocs\SlavicLabs\wp-content\backups-dup-lite\tmp\20230317_slaviclabs_44c67e8c4993f43d1565_20230330170431_archive.zip
    [comment] => 
)

FILE ADDED TO ZIP: 18745
COMPRESSION RESULT: '1'
COMPRESSED SIZE: 71.05MB
ARCHIVE RUNTIME: 18.48 sec.
MEMORY STACK: 84MB
building installer
ARCHIVE CONSISTENCY TEST: PASS

********************************************************************************
INTEGRITY CHECKS:
********************************************************************************
SQL FILE: 1.43MB
INSTALLER FILE: 73.35KB
ARCHIVE FILE: 73.12MB 
EXPECTED FILE/DIRECTORY COUNT: 18,746
ACTUAL FILE/DIRECTORY COUNT: 18,745
ARCHIVE CONSISTENCY TEST: Pass

********************************************************************************
RECORD ID:[5]
TOTAL PROCESS RUNTIME: 20.47 sec.
PEAK PHP MEMORY USED: 88MB
DONE PROCESSING => 20230317_slaviclabs 2023-03-30 17:05

